2017-07-06 17:00:57.528  INFO 8880 --- [restartedMain] com.cn.demo.Application                  : Starting Application on EZ-20170227RGNE with PID 8880 (D:\newworkspace\insurance\trunk\springboot\target\classes started by Administrator in D:\newworkspace\insurance\trunk\springboot)
2017-07-06 17:00:57.533  INFO 8880 --- [restartedMain] com.cn.demo.Application                  : No active profile set, falling back to default profiles: default
2017-07-06 17:00:57.913  INFO 8880 --- [restartedMain] ationConfigEmbeddedWebApplicationContext : Refreshing org.springframework.boot.context.embedded.AnnotationConfigEmbeddedWebApplicationContext@6bef0fb7: startup date [Thu Jul 06 17:00:57 CST 2017]; root of context hierarchy
2017-07-06 17:00:59.325  INFO 8880 --- [restartedMain] o.s.b.f.s.DefaultListableBeanFactory     : Overriding bean definition for bean 'beanNameViewResolver' with a different definition: replacing [Root bean: class [null]; scope=; abstract=false; lazyInit=false; autowireMode=3; dependencyCheck=0; autowireCandidate=true; primary=false; factoryBeanName=org.springframework.boot.autoconfigure.web.ErrorMvcAutoConfiguration$WhitelabelErrorViewConfiguration; factoryMethodName=beanNameViewResolver; initMethodName=null; destroyMethodName=(inferred); defined in class path resource [org/springframework/boot/autoconfigure/web/ErrorMvcAutoConfiguration$WhitelabelErrorViewConfiguration.class]] with [Root bean: class [null]; scope=; abstract=false; lazyInit=false; autowireMode=3; dependencyCheck=0; autowireCandidate=true; primary=false; factoryBeanName=org.springframework.boot.autoconfigure.web.WebMvcAutoConfiguration$WebMvcAutoConfigurationAdapter; factoryMethodName=beanNameViewResolver; initMethodName=null; destroyMethodName=(inferred); defined in class path resource [org/springframework/boot/autoconfigure/web/WebMvcAutoConfiguration$WebMvcAutoConfigurationAdapter.class]]
2017-07-06 17:01:00.193  INFO 8880 --- [restartedMain] s.b.c.e.t.TomcatEmbeddedServletContainer : Tomcat initialized with port(s): 8011 (http)
2017-07-06 17:01:00.209  INFO 8880 --- [restartedMain] o.apache.catalina.core.StandardService   : Starting service Tomcat
2017-07-06 17:01:00.210  INFO 8880 --- [restartedMain] org.apache.catalina.core.StandardEngine  : Starting Servlet Engine: Apache Tomcat/8.0.30
2017-07-06 17:01:00.345  INFO 8880 --- [localhost-startStop-1] o.a.c.c.C.[Tomcat].[localhost].[/]       : Initializing Spring embedded WebApplicationContext
2017-07-06 17:01:00.345  INFO 8880 --- [localhost-startStop-1] o.s.web.context.ContextLoader            : Root WebApplicationContext: initialization completed in 2435 ms
2017-07-06 17:01:00.777  INFO 8880 --- [localhost-startStop-1] o.s.b.c.e.ServletRegistrationBean        : Mapping servlet: 'dispatcherServlet' to [/]
2017-07-06 17:01:00.781  INFO 8880 --- [localhost-startStop-1] o.s.b.c.embedded.FilterRegistrationBean  : Mapping filter: 'characterEncodingFilter' to: [/*]
2017-07-06 17:01:00.781  INFO 8880 --- [localhost-startStop-1] o.s.b.c.embedded.FilterRegistrationBean  : Mapping filter: 'hiddenHttpMethodFilter' to: [/*]
2017-07-06 17:01:00.781  INFO 8880 --- [localhost-startStop-1] o.s.b.c.embedded.FilterRegistrationBean  : Mapping filter: 'httpPutFormContentFilter' to: [/*]
2017-07-06 17:01:00.781  INFO 8880 --- [localhost-startStop-1] o.s.b.c.embedded.FilterRegistrationBean  : Mapping filter: 'requestContextFilter' to: [/*]
2017-07-06 17:01:01.003  INFO 8880 --- [restartedMain] s.w.s.m.m.a.RequestMappingHandlerAdapter : Looking for @ControllerAdvice: org.springframework.boot.context.embedded.AnnotationConfigEmbeddedWebApplicationContext@6bef0fb7: startup date [Thu Jul 06 17:00:57 CST 2017]; root of context hierarchy
2017-07-06 17:01:01.110  INFO 8880 --- [restartedMain] s.w.s.m.m.a.RequestMappingHandlerMapping : Mapped "{[/getUser]}" onto public com.cn.model.User com.cn.demo.HelloWorldController.getUser()
2017-07-06 17:01:01.113  INFO 8880 --- [restartedMain] s.w.s.m.m.a.RequestMappingHandlerMapping : Mapped "{[/boot/index]}" onto public java.lang.String com.cn.demo.Main.main(org.springframework.ui.Model)
2017-07-06 17:01:01.118  INFO 8880 --- [restartedMain] s.w.s.m.m.a.RequestMappingHandlerMapping : Mapped "{[/error]}" onto public org.springframework.http.ResponseEntity<java.util.Map<java.lang.String, java.lang.Object>> org.springframework.boot.autoconfigure.web.BasicErrorController.error(javax.servlet.http.HttpServletRequest)
2017-07-06 17:01:01.119  INFO 8880 --- [restartedMain] s.w.s.m.m.a.RequestMappingHandlerMapping : Mapped "{[/error],produces=[text/html]}" onto public org.springframework.web.servlet.ModelAndView org.springframework.boot.autoconfigure.web.BasicErrorController.errorHtml(javax.servlet.http.HttpServletRequest,javax.servlet.http.HttpServletResponse)
2017-07-06 17:01:01.186  INFO 8880 --- [restartedMain] o.s.w.s.handler.SimpleUrlHandlerMapping  : Mapped URL path [/webjars/**] onto handler of type [class org.springframework.web.servlet.resource.ResourceHttpRequestHandler]
2017-07-06 17:01:01.186  INFO 8880 --- [restartedMain] o.s.w.s.handler.SimpleUrlHandlerMapping  : Mapped URL path [/**] onto handler of type [class org.springframework.web.servlet.resource.ResourceHttpRequestHandler]
2017-07-06 17:01:01.294  INFO 8880 --- [restartedMain] o.s.w.s.handler.SimpleUrlHandlerMapping  : Mapped URL path [/**/favicon.ico] onto handler of type [class org.springframework.web.servlet.resource.ResourceHttpRequestHandler]
2017-07-06 17:01:01.988  INFO 8880 --- [restartedMain] o.s.b.d.a.OptionalLiveReloadServer       : LiveReload server is running on port 35729
2017-07-06 17:01:02.179  INFO 8880 --- [restartedMain] o.s.j.e.a.AnnotationMBeanExporter        : Registering beans for JMX exposure on startup
2017-07-06 17:01:02.267  INFO 8880 --- [restartedMain] s.b.c.e.t.TomcatEmbeddedServletContainer : Tomcat started on port(s): 8011 (http)
2017-07-06 17:01:02.275  INFO 8880 --- [restartedMain] com.cn.demo.Application                  : Started Application in 5.321 seconds (JVM running for 5.744)
2017-07-06 17:01:18.634  INFO 8880 --- [http-nio-8011-exec-1] o.a.c.c.C.[Tomcat].[localhost].[/]       : Initializing Spring FrameworkServlet 'dispatcherServlet'
2017-07-06 17:01:18.634  INFO 8880 --- [http-nio-8011-exec-1] o.s.web.servlet.DispatcherServlet        : FrameworkServlet 'dispatcherServlet': initialization started
2017-07-06 17:01:18.678  INFO 8880 --- [http-nio-8011-exec-1] o.s.web.servlet.DispatcherServlet        : FrameworkServlet 'dispatcherServlet': initialization completed in 43 ms
2017-07-06 17:01:18.720  INFO 8880 --- [http-nio-8011-exec-1] com.cn.demo.HelloWorldController         : 获取user信息
2017-07-06 17:02:48.156  INFO 5304 --- [restartedMain] com.cn.demo.Application                  : Starting Application on EZ-20170227RGNE with PID 5304 (D:\newworkspace\insurance\trunk\springboot\target\classes started by Administrator in D:\newworkspace\insurance\trunk\springboot)
2017-07-06 17:02:48.165  INFO 5304 --- [restartedMain] com.cn.demo.Application                  : No active profile set, falling back to default profiles: default
2017-07-06 17:02:48.567  INFO 5304 --- [restartedMain] ationConfigEmbeddedWebApplicationContext : Refreshing org.springframework.boot.context.embedded.AnnotationConfigEmbeddedWebApplicationContext@40b7c9c5: startup date [Thu Jul 06 17:02:48 CST 2017]; root of context hierarchy
2017-07-06 17:02:49.842  INFO 5304 --- [restartedMain] o.s.b.f.s.DefaultListableBeanFactory     : Overriding bean definition for bean 'beanNameViewResolver' with a different definition: replacing [Root bean: class [null]; scope=; abstract=false; lazyInit=false; autowireMode=3; dependencyCheck=0; autowireCandidate=true; primary=false; factoryBeanName=org.springframework.boot.autoconfigure.web.ErrorMvcAutoConfiguration$WhitelabelErrorViewConfiguration; factoryMethodName=beanNameViewResolver; initMethodName=null; destroyMethodName=(inferred); defined in class path resource [org/springframework/boot/autoconfigure/web/ErrorMvcAutoConfiguration$WhitelabelErrorViewConfiguration.class]] with [Root bean: class [null]; scope=; abstract=false; lazyInit=false; autowireMode=3; dependencyCheck=0; autowireCandidate=true; primary=false; factoryBeanName=org.springframework.boot.autoconfigure.web.WebMvcAutoConfiguration$WebMvcAutoConfigurationAdapter; factoryMethodName=beanNameViewResolver; initMethodName=null; destroyMethodName=(inferred); defined in class path resource [org/springframework/boot/autoconfigure/web/WebMvcAutoConfiguration$WebMvcAutoConfigurationAdapter.class]]
2017-07-06 17:02:50.741  INFO 5304 --- [restartedMain] s.b.c.e.t.TomcatEmbeddedServletContainer : Tomcat initialized with port(s): 8011 (http)
2017-07-06 17:02:50.759  INFO 5304 --- [restartedMain] o.apache.catalina.core.StandardService   : Starting service Tomcat
2017-07-06 17:02:50.761  INFO 5304 --- [restartedMain] org.apache.catalina.core.StandardEngine  : Starting Servlet Engine: Apache Tomcat/8.0.30
2017-07-06 17:02:50.901  INFO 5304 --- [localhost-startStop-1] o.a.c.c.C.[Tomcat].[localhost].[/]       : Initializing Spring embedded WebApplicationContext
2017-07-06 17:02:50.902  INFO 5304 --- [localhost-startStop-1] o.s.web.context.ContextLoader            : Root WebApplicationContext: initialization completed in 2338 ms
2017-07-06 17:02:51.334  INFO 5304 --- [localhost-startStop-1] o.s.b.c.e.ServletRegistrationBean        : Mapping servlet: 'dispatcherServlet' to [/]
2017-07-06 17:02:51.340  INFO 5304 --- [localhost-startStop-1] o.s.b.c.embedded.FilterRegistrationBean  : Mapping filter: 'characterEncodingFilter' to: [/*]
2017-07-06 17:02:51.341  INFO 5304 --- [localhost-startStop-1] o.s.b.c.embedded.FilterRegistrationBean  : Mapping filter: 'hiddenHttpMethodFilter' to: [/*]
2017-07-06 17:02:51.341  INFO 5304 --- [localhost-startStop-1] o.s.b.c.embedded.FilterRegistrationBean  : Mapping filter: 'httpPutFormContentFilter' to: [/*]
2017-07-06 17:02:51.341  INFO 5304 --- [localhost-startStop-1] o.s.b.c.embedded.FilterRegistrationBean  : Mapping filter: 'requestContextFilter' to: [/*]
2017-07-06 17:02:51.598  INFO 5304 --- [restartedMain] s.w.s.m.m.a.RequestMappingHandlerAdapter : Looking for @ControllerAdvice: org.springframework.boot.context.embedded.AnnotationConfigEmbeddedWebApplicationContext@40b7c9c5: startup date [Thu Jul 06 17:02:48 CST 2017]; root of context hierarchy
2017-07-06 17:02:51.698  INFO 5304 --- [restartedMain] s.w.s.m.m.a.RequestMappingHandlerMapping : Mapped "{[/getUser]}" onto public com.cn.model.User com.cn.demo.HelloWorldController.getUser()
2017-07-06 17:02:51.701  INFO 5304 --- [restartedMain] s.w.s.m.m.a.RequestMappingHandlerMapping : Mapped "{[/boot/index]}" onto public java.lang.String com.cn.demo.Main.main(org.springframework.ui.Model)
2017-07-06 17:02:51.706  INFO 5304 --- [restartedMain] s.w.s.m.m.a.RequestMappingHandlerMapping : Mapped "{[/error]}" onto public org.springframework.http.ResponseEntity<java.util.Map<java.lang.String, java.lang.Object>> org.springframework.boot.autoconfigure.web.BasicErrorController.error(javax.servlet.http.HttpServletRequest)
2017-07-06 17:02:51.707  INFO 5304 --- [restartedMain] s.w.s.m.m.a.RequestMappingHandlerMapping : Mapped "{[/error],produces=[text/html]}" onto public org.springframework.web.servlet.ModelAndView org.springframework.boot.autoconfigure.web.BasicErrorController.errorHtml(javax.servlet.http.HttpServletRequest,javax.servlet.http.HttpServletResponse)
2017-07-06 17:02:51.767  INFO 5304 --- [restartedMain] o.s.w.s.handler.SimpleUrlHandlerMapping  : Mapped URL path [/webjars/**] onto handler of type [class org.springframework.web.servlet.resource.ResourceHttpRequestHandler]
2017-07-06 17:02:51.767  INFO 5304 --- [restartedMain] o.s.w.s.handler.SimpleUrlHandlerMapping  : Mapped URL path [/**] onto handler of type [class org.springframework.web.servlet.resource.ResourceHttpRequestHandler]
2017-07-06 17:02:51.881  INFO 5304 --- [restartedMain] o.s.w.s.handler.SimpleUrlHandlerMapping  : Mapped URL path [/**/favicon.ico] onto handler of type [class org.springframework.web.servlet.resource.ResourceHttpRequestHandler]
2017-07-06 17:02:52.524  INFO 5304 --- [restartedMain] o.s.b.d.a.OptionalLiveReloadServer       : LiveReload server is running on port 35729
2017-07-06 17:02:52.685  INFO 5304 --- [restartedMain] o.s.j.e.a.AnnotationMBeanExporter        : Registering beans for JMX exposure on startup
2017-07-06 17:02:52.771  INFO 5304 --- [restartedMain] s.b.c.e.t.TomcatEmbeddedServletContainer : Tomcat started on port(s): 8011 (http)
2017-07-06 17:02:52.778  INFO 5304 --- [restartedMain] com.cn.demo.Application                  : Started Application in 5.172 seconds (JVM running for 5.648)
2017-07-06 17:03:13.918  INFO 5304 --- [http-nio-8011-exec-1] o.a.c.c.C.[Tomcat].[localhost].[/]       : Initializing Spring FrameworkServlet 'dispatcherServlet'
2017-07-06 17:03:13.918  INFO 5304 --- [http-nio-8011-exec-1] o.s.web.servlet.DispatcherServlet        : FrameworkServlet 'dispatcherServlet': initialization started
2017-07-06 17:03:13.944  INFO 5304 --- [http-nio-8011-exec-1] o.s.web.servlet.DispatcherServlet        : FrameworkServlet 'dispatcherServlet': initialization completed in 26 ms
2017-07-06 17:03:14.003  INFO 5304 --- [http-nio-8011-exec-1] com.cn.demo.HelloWorldController         : 获取user信息
2017-07-06 17:03:38.942  INFO 5304 --- [Thread-8] ationConfigEmbeddedWebApplicationContext : Closing org.springframework.boot.context.embedded.AnnotationConfigEmbeddedWebApplicationContext@40b7c9c5: startup date [Thu Jul 06 17:02:48 CST 2017]; root of context hierarchy
2017-07-06 17:03:38.945  INFO 5304 --- [Thread-8] o.s.j.e.a.AnnotationMBeanExporter        : Unregistering JMX-exposed beans on shutdown
2017-07-06 17:03:44.554  INFO 5364 --- [restartedMain] com.cn.demo.Application                  : Starting Application on EZ-20170227RGNE with PID 5364 (D:\newworkspace\insurance\trunk\springboot\target\classes started by Administrator in D:\newworkspace\insurance\trunk\springboot)
2017-07-06 17:03:44.559  INFO 5364 --- [restartedMain] com.cn.demo.Application                  : No active profile set, falling back to default profiles: default
2017-07-06 17:03:44.925  INFO 5364 --- [restartedMain] ationConfigEmbeddedWebApplicationContext : Refreshing org.springframework.boot.context.embedded.AnnotationConfigEmbeddedWebApplicationContext@29ed4629: startup date [Thu Jul 06 17:03:44 CST 2017]; root of context hierarchy
2017-07-06 17:03:46.205  INFO 5364 --- [restartedMain] o.s.b.f.s.DefaultListableBeanFactory     : Overriding bean definition for bean 'beanNameViewResolver' with a different definition: replacing [Root bean: class [null]; scope=; abstract=false; lazyInit=false; autowireMode=3; dependencyCheck=0; autowireCandidate=true; primary=false; factoryBeanName=org.springframework.boot.autoconfigure.web.ErrorMvcAutoConfiguration$WhitelabelErrorViewConfiguration; factoryMethodName=beanNameViewResolver; initMethodName=null; destroyMethodName=(inferred); defined in class path resource [org/springframework/boot/autoconfigure/web/ErrorMvcAutoConfiguration$WhitelabelErrorViewConfiguration.class]] with [Root bean: class [null]; scope=; abstract=false; lazyInit=false; autowireMode=3; dependencyCheck=0; autowireCandidate=true; primary=false; factoryBeanName=org.springframework.boot.autoconfigure.web.WebMvcAutoConfiguration$WebMvcAutoConfigurationAdapter; factoryMethodName=beanNameViewResolver; initMethodName=null; destroyMethodName=(inferred); defined in class path resource [org/springframework/boot/autoconfigure/web/WebMvcAutoConfiguration$WebMvcAutoConfigurationAdapter.class]]
2017-07-06 17:03:47.158  INFO 5364 --- [restartedMain] s.b.c.e.t.TomcatEmbeddedServletContainer : Tomcat initialized with port(s): 8011 (http)
2017-07-06 17:03:47.171  INFO 5364 --- [restartedMain] o.apache.catalina.core.StandardService   : Starting service Tomcat
2017-07-06 17:03:47.173  INFO 5364 --- [restartedMain] org.apache.catalina.core.StandardEngine  : Starting Servlet Engine: Apache Tomcat/8.0.30
2017-07-06 17:03:47.301  INFO 5364 --- [localhost-startStop-1] o.a.c.c.C.[Tomcat].[localhost].[/]       : Initializing Spring embedded WebApplicationContext
2017-07-06 17:03:47.301  INFO 5364 --- [localhost-startStop-1] o.s.web.context.ContextLoader            : Root WebApplicationContext: initialization completed in 2380 ms
2017-07-06 17:03:47.712  INFO 5364 --- [localhost-startStop-1] o.s.b.c.e.ServletRegistrationBean        : Mapping servlet: 'dispatcherServlet' to [/]
2017-07-06 17:03:47.717  INFO 5364 --- [localhost-startStop-1] o.s.b.c.embedded.FilterRegistrationBean  : Mapping filter: 'characterEncodingFilter' to: [/*]
2017-07-06 17:03:47.718  INFO 5364 --- [localhost-startStop-1] o.s.b.c.embedded.FilterRegistrationBean  : Mapping filter: 'hiddenHttpMethodFilter' to: [/*]
2017-07-06 17:03:47.718  INFO 5364 --- [localhost-startStop-1] o.s.b.c.embedded.FilterRegistrationBean  : Mapping filter: 'httpPutFormContentFilter' to: [/*]
2017-07-06 17:03:47.718  INFO 5364 --- [localhost-startStop-1] o.s.b.c.embedded.FilterRegistrationBean  : Mapping filter: 'requestContextFilter' to: [/*]
2017-07-06 17:03:47.967  INFO 5364 --- [restartedMain] s.w.s.m.m.a.RequestMappingHandlerAdapter : Looking for @ControllerAdvice: org.springframework.boot.context.embedded.AnnotationConfigEmbeddedWebApplicationContext@29ed4629: startup date [Thu Jul 06 17:03:44 CST 2017]; root of context hierarchy
2017-07-06 17:03:48.062  INFO 5364 --- [restartedMain] s.w.s.m.m.a.RequestMappingHandlerMapping : Mapped "{[/getUser]}" onto public com.cn.model.User com.cn.demo.HelloWorldController.getUser()
2017-07-06 17:03:48.065  INFO 5364 --- [restartedMain] s.w.s.m.m.a.RequestMappingHandlerMapping : Mapped "{[/boot/index]}" onto public java.lang.String com.cn.demo.Main.main(org.springframework.ui.Model)
2017-07-06 17:03:48.070  INFO 5364 --- [restartedMain] s.w.s.m.m.a.RequestMappingHandlerMapping : Mapped "{[/error]}" onto public org.springframework.http.ResponseEntity<java.util.Map<java.lang.String, java.lang.Object>> org.springframework.boot.autoconfigure.web.BasicErrorController.error(javax.servlet.http.HttpServletRequest)
2017-07-06 17:03:48.071  INFO 5364 --- [restartedMain] s.w.s.m.m.a.RequestMappingHandlerMapping : Mapped "{[/error],produces=[text/html]}" onto public org.springframework.web.servlet.ModelAndView org.springframework.boot.autoconfigure.web.BasicErrorController.errorHtml(javax.servlet.http.HttpServletRequest,javax.servlet.http.HttpServletResponse)
2017-07-06 17:03:48.127  INFO 5364 --- [restartedMain] o.s.w.s.handler.SimpleUrlHandlerMapping  : Mapped URL path [/webjars/**] onto handler of type [class org.springframework.web.servlet.resource.ResourceHttpRequestHandler]
2017-07-06 17:03:48.127  INFO 5364 --- [restartedMain] o.s.w.s.handler.SimpleUrlHandlerMapping  : Mapped URL path [/**] onto handler of type [class org.springframework.web.servlet.resource.ResourceHttpRequestHandler]
2017-07-06 17:03:48.220  INFO 5364 --- [restartedMain] o.s.w.s.handler.SimpleUrlHandlerMapping  : Mapped URL path [/**/favicon.ico] onto handler of type [class org.springframework.web.servlet.resource.ResourceHttpRequestHandler]
2017-07-06 17:03:48.902  INFO 5364 --- [restartedMain] o.s.b.d.a.OptionalLiveReloadServer       : LiveReload server is running on port 35729
2017-07-06 17:03:49.067  INFO 5364 --- [restartedMain] o.s.j.e.a.AnnotationMBeanExporter        : Registering beans for JMX exposure on startup
2017-07-06 17:03:49.159  INFO 5364 --- [restartedMain] s.b.c.e.t.TomcatEmbeddedServletContainer : Tomcat started on port(s): 8011 (http)
2017-07-06 17:03:49.166  INFO 5364 --- [restartedMain] com.cn.demo.Application                  : Started Application in 5.168 seconds (JVM running for 5.63)
2017-07-06 17:03:53.635  INFO 5364 --- [http-nio-8011-exec-1] o.a.c.c.C.[Tomcat].[localhost].[/]       : Initializing Spring FrameworkServlet 'dispatcherServlet'
2017-07-06 17:03:53.635  INFO 5364 --- [http-nio-8011-exec-1] o.s.web.servlet.DispatcherServlet        : FrameworkServlet 'dispatcherServlet': initialization started
2017-07-06 17:03:53.654  INFO 5364 --- [http-nio-8011-exec-1] o.s.web.servlet.DispatcherServlet        : FrameworkServlet 'dispatcherServlet': initialization completed in 19 ms
2017-07-06 17:03:53.712  INFO 5364 --- [http-nio-8011-exec-1] com.cn.demo.HelloWorldController         : 获取user信息
2017-07-06 17:04:04.172  INFO 5364 --- [http-nio-8011-exec-4] com.cn.demo.HelloWorldController         : 获取user信息
2017-07-06 17:04:29.309  INFO 5364 --- [Thread-8] ationConfigEmbeddedWebApplicationContext : Closing org.springframework.boot.context.embedded.AnnotationConfigEmbeddedWebApplicationContext@29ed4629: startup date [Thu Jul 06 17:03:44 CST 2017]; root of context hierarchy
2017-07-06 17:04:29.312  INFO 5364 --- [Thread-8] o.s.j.e.a.AnnotationMBeanExporter        : Unregistering JMX-exposed beans on shutdown
2017-07-06 17:04:29.630  INFO 5364 --- [restartedMain] com.cn.demo.Application                  : Starting Application on EZ-20170227RGNE with PID 5364 (D:\newworkspace\insurance\trunk\springboot\target\classes started by Administrator in D:\newworkspace\insurance\trunk\springboot)
2017-07-06 17:04:29.630  INFO 5364 --- [restartedMain] com.cn.demo.Application                  : No active profile set, falling back to default profiles: default
2017-07-06 17:04:29.633  INFO 5364 --- [restartedMain] ationConfigEmbeddedWebApplicationContext : Refreshing org.springframework.boot.context.embedded.AnnotationConfigEmbeddedWebApplicationContext@13d8581: startup date [Thu Jul 06 17:04:29 CST 2017]; root of context hierarchy
2017-07-06 17:04:34.710  INFO 7420 --- [restartedMain] com.cn.demo.Application                  : Starting Application on EZ-20170227RGNE with PID 7420 (D:\newworkspace\insurance\trunk\springboot\target\classes started by Administrator in D:\newworkspace\insurance\trunk\springboot)
2017-07-06 17:04:34.715  INFO 7420 --- [restartedMain] com.cn.demo.Application                  : No active profile set, falling back to default profiles: default
2017-07-06 17:04:35.091  INFO 7420 --- [restartedMain] ationConfigEmbeddedWebApplicationContext : Refreshing org.springframework.boot.context.embedded.AnnotationConfigEmbeddedWebApplicationContext@448b495a: startup date [Thu Jul 06 17:04:35 CST 2017]; root of context hierarchy
2017-07-06 17:04:36.384  INFO 7420 --- [restartedMain] o.s.b.f.s.DefaultListableBeanFactory     : Overriding bean definition for bean 'beanNameViewResolver' with a different definition: replacing [Root bean: class [null]; scope=; abstract=false; lazyInit=false; autowireMode=3; dependencyCheck=0; autowireCandidate=true; primary=false; factoryBeanName=org.springframework.boot.autoconfigure.web.ErrorMvcAutoConfiguration$WhitelabelErrorViewConfiguration; factoryMethodName=beanNameViewResolver; initMethodName=null; destroyMethodName=(inferred); defined in class path resource [org/springframework/boot/autoconfigure/web/ErrorMvcAutoConfiguration$WhitelabelErrorViewConfiguration.class]] with [Root bean: class [null]; scope=; abstract=false; lazyInit=false; autowireMode=3; dependencyCheck=0; autowireCandidate=true; primary=false; factoryBeanName=org.springframework.boot.autoconfigure.web.WebMvcAutoConfiguration$WebMvcAutoConfigurationAdapter; factoryMethodName=beanNameViewResolver; initMethodName=null; destroyMethodName=(inferred); defined in class path resource [org/springframework/boot/autoconfigure/web/WebMvcAutoConfiguration$WebMvcAutoConfigurationAdapter.class]]
2017-07-06 17:04:37.300  INFO 7420 --- [restartedMain] s.b.c.e.t.TomcatEmbeddedServletContainer : Tomcat initialized with port(s): 8011 (http)
2017-07-06 17:04:37.313  INFO 7420 --- [restartedMain] o.apache.catalina.core.StandardService   : Starting service Tomcat
2017-07-06 17:04:37.315  INFO 7420 --- [restartedMain] org.apache.catalina.core.StandardEngine  : Starting Servlet Engine: Apache Tomcat/8.0.30
2017-07-06 17:04:37.439  INFO 7420 --- [localhost-startStop-1] o.a.c.c.C.[Tomcat].[localhost].[/]       : Initializing Spring embedded WebApplicationContext
2017-07-06 17:04:37.440  INFO 7420 --- [localhost-startStop-1] o.s.web.context.ContextLoader            : Root WebApplicationContext: initialization completed in 2353 ms
2017-07-06 17:04:37.840  INFO 7420 --- [localhost-startStop-1] o.s.b.c.e.ServletRegistrationBean        : Mapping servlet: 'dispatcherServlet' to [/]
2017-07-06 17:04:37.844  INFO 7420 --- [localhost-startStop-1] o.s.b.c.embedded.FilterRegistrationBean  : Mapping filter: 'characterEncodingFilter' to: [/*]
2017-07-06 17:04:37.845  INFO 7420 --- [localhost-startStop-1] o.s.b.c.embedded.FilterRegistrationBean  : Mapping filter: 'hiddenHttpMethodFilter' to: [/*]
2017-07-06 17:04:37.845  INFO 7420 --- [localhost-startStop-1] o.s.b.c.embedded.FilterRegistrationBean  : Mapping filter: 'httpPutFormContentFilter' to: [/*]
2017-07-06 17:04:37.845  INFO 7420 --- [localhost-startStop-1] o.s.b.c.embedded.FilterRegistrationBean  : Mapping filter: 'requestContextFilter' to: [/*]
2017-07-06 17:04:38.125  INFO 7420 --- [restartedMain] s.w.s.m.m.a.RequestMappingHandlerAdapter : Looking for @ControllerAdvice: org.springframework.boot.context.embedded.AnnotationConfigEmbeddedWebApplicationContext@448b495a: startup date [Thu Jul 06 17:04:35 CST 2017]; root of context hierarchy
2017-07-06 17:04:38.231  INFO 7420 --- [restartedMain] s.w.s.m.m.a.RequestMappingHandlerMapping : Mapped "{[/getUser]}" onto public com.cn.model.User com.cn.demo.HelloWorldController.getUser()
2017-07-06 17:04:38.234  INFO 7420 --- [restartedMain] s.w.s.m.m.a.RequestMappingHandlerMapping : Mapped "{[/boot/index]}" onto public java.lang.String com.cn.demo.Main.main(org.springframework.ui.Model)
2017-07-06 17:04:38.238  INFO 7420 --- [restartedMain] s.w.s.m.m.a.RequestMappingHandlerMapping : Mapped "{[/error]}" onto public org.springframework.http.ResponseEntity<java.util.Map<java.lang.String, java.lang.Object>> org.springframework.boot.autoconfigure.web.BasicErrorController.error(javax.servlet.http.HttpServletRequest)
2017-07-06 17:04:38.238  INFO 7420 --- [restartedMain] s.w.s.m.m.a.RequestMappingHandlerMapping : Mapped "{[/error],produces=[text/html]}" onto public org.springframework.web.servlet.ModelAndView org.springframework.boot.autoconfigure.web.BasicErrorController.errorHtml(javax.servlet.http.HttpServletRequest,javax.servlet.http.HttpServletResponse)
2017-07-06 17:04:38.290  INFO 7420 --- [restartedMain] o.s.w.s.handler.SimpleUrlHandlerMapping  : Mapped URL path [/webjars/**] onto handler of type [class org.springframework.web.servlet.resource.ResourceHttpRequestHandler]
2017-07-06 17:04:38.290  INFO 7420 --- [restartedMain] o.s.w.s.handler.SimpleUrlHandlerMapping  : Mapped URL path [/**] onto handler of type [class org.springframework.web.servlet.resource.ResourceHttpRequestHandler]
2017-07-06 17:04:38.375  INFO 7420 --- [restartedMain] o.s.w.s.handler.SimpleUrlHandlerMapping  : Mapped URL path [/**/favicon.ico] onto handler of type [class org.springframework.web.servlet.resource.ResourceHttpRequestHandler]
2017-07-06 17:04:39.026  INFO 7420 --- [restartedMain] o.s.b.d.a.OptionalLiveReloadServer       : LiveReload server is running on port 35729
2017-07-06 17:04:39.185  INFO 7420 --- [restartedMain] o.s.j.e.a.AnnotationMBeanExporter        : Registering beans for JMX exposure on startup
2017-07-06 17:04:39.274  INFO 7420 --- [restartedMain] s.b.c.e.t.TomcatEmbeddedServletContainer : Tomcat started on port(s): 8011 (http)
2017-07-06 17:04:39.283  INFO 7420 --- [restartedMain] com.cn.demo.Application                  : Started Application in 5.167 seconds (JVM running for 5.589)
2017-07-06 17:04:50.825  INFO 7420 --- [http-nio-8011-exec-1] o.a.c.c.C.[Tomcat].[localhost].[/]       : Initializing Spring FrameworkServlet 'dispatcherServlet'
2017-07-06 17:04:50.825  INFO 7420 --- [http-nio-8011-exec-1] o.s.web.servlet.DispatcherServlet        : FrameworkServlet 'dispatcherServlet': initialization started
2017-07-06 17:04:50.841  INFO 7420 --- [http-nio-8011-exec-1] o.s.web.servlet.DispatcherServlet        : FrameworkServlet 'dispatcherServlet': initialization completed in 16 ms
2017-07-06 17:04:50.879  INFO 7420 --- [http-nio-8011-exec-1] com.cn.demo.HelloWorldController         : 获取user信息
2017-07-06 17:04:51.692  INFO 7420 --- [http-nio-8011-exec-3] com.cn.demo.HelloWorldController         : 获取user信息
2017-07-06 17:04:52.021  INFO 7420 --- [http-nio-8011-exec-5] com.cn.demo.HelloWorldController         : 获取user信息
2017-07-06 17:04:52.188  INFO 7420 --- [http-nio-8011-exec-7] com.cn.demo.HelloWorldController         : 获取user信息
2017-07-06 17:04:52.372  INFO 7420 --- [http-nio-8011-exec-9] com.cn.demo.HelloWorldController         : 获取user信息
2017-07-06 17:05:19.428  INFO 7420 --- [Thread-8] ationConfigEmbeddedWebApplicationContext : Closing org.springframework.boot.context.embedded.AnnotationConfigEmbeddedWebApplicationContext@448b495a: startup date [Thu Jul 06 17:04:35 CST 2017]; root of context hierarchy
2017-07-06 17:05:19.430  INFO 7420 --- [Thread-8] o.s.j.e.a.AnnotationMBeanExporter        : Unregistering JMX-exposed beans on shutdown
2017-07-06 17:05:19.714  INFO 7420 --- [restartedMain] com.cn.demo.Application                  : Starting Application on EZ-20170227RGNE with PID 7420 (D:\newworkspace\insurance\trunk\springboot\target\classes started by Administrator in D:\newworkspace\insurance\trunk\springboot)
2017-07-06 17:05:19.715  INFO 7420 --- [restartedMain] com.cn.demo.Application                  : No active profile set, falling back to default profiles: default
2017-07-06 17:05:19.718  INFO 7420 --- [restartedMain] ationConfigEmbeddedWebApplicationContext : Refreshing org.springframework.boot.context.embedded.AnnotationConfigEmbeddedWebApplicationContext@40bff39d: startup date [Thu Jul 06 17:05:19 CST 2017]; root of context hierarchy
2017-07-06 17:05:20.572  INFO 7420 --- [restartedMain] o.s.b.f.s.DefaultListableBeanFactory     : Overriding bean definition for bean 'beanNameViewResolver' with a different definition: replacing [Root bean: class [null]; scope=; abstract=false; lazyInit=false; autowireMode=3; dependencyCheck=0; autowireCandidate=true; primary=false; factoryBeanName=org.springframework.boot.autoconfigure.web.ErrorMvcAutoConfiguration$WhitelabelErrorViewConfiguration; factoryMethodName=beanNameViewResolver; initMethodName=null; destroyMethodName=(inferred); defined in class path resource [org/springframework/boot/autoconfigure/web/ErrorMvcAutoConfiguration$WhitelabelErrorViewConfiguration.class]] with [Root bean: class [null]; scope=; abstract=false; lazyInit=false; autowireMode=3; dependencyCheck=0; autowireCandidate=true; primary=false; factoryBeanName=org.springframework.boot.autoconfigure.web.WebMvcAutoConfiguration$WebMvcAutoConfigurationAdapter; factoryMethodName=beanNameViewResolver; initMethodName=null; destroyMethodName=(inferred); defined in class path resource [org/springframework/boot/autoconfigure/web/WebMvcAutoConfiguration$WebMvcAutoConfigurationAdapter.class]]
2017-07-06 17:05:20.724  INFO 7420 --- [restartedMain] s.b.c.e.t.TomcatEmbeddedServletContainer : Tomcat initialized with port(s): 8011 (http)
2017-07-06 17:05:20.726  INFO 7420 --- [restartedMain] o.apache.catalina.core.StandardService   : Starting service Tomcat
2017-07-06 17:05:20.726  INFO 7420 --- [restartedMain] org.apache.catalina.core.StandardEngine  : Starting Servlet Engine: Apache Tomcat/8.0.30
2017-07-06 17:05:20.736  INFO 7420 --- [localhost-startStop-1] o.a.c.c.C.[Tomcat].[localhost].[/]       : Initializing Spring embedded WebApplicationContext
2017-07-06 17:05:20.737  INFO 7420 --- [localhost-startStop-1] o.s.web.context.ContextLoader            : Root WebApplicationContext: initialization completed in 1019 ms
2017-07-06 17:05:20.864  INFO 7420 --- [localhost-startStop-1] o.s.b.c.e.ServletRegistrationBean        : Mapping servlet: 'dispatcherServlet' to [/]
2017-07-06 17:05:20.865  INFO 7420 --- [localhost-startStop-1] o.s.b.c.embedded.FilterRegistrationBean  : Mapping filter: 'characterEncodingFilter' to: [/*]
2017-07-06 17:05:20.865  INFO 7420 --- [localhost-startStop-1] o.s.b.c.embedded.FilterRegistrationBean  : Mapping filter: 'hiddenHttpMethodFilter' to: [/*]
2017-07-06 17:05:20.865  INFO 7420 --- [localhost-startStop-1] o.s.b.c.embedded.FilterRegistrationBean  : Mapping filter: 'httpPutFormContentFilter' to: [/*]
2017-07-06 17:05:20.866  INFO 7420 --- [localhost-startStop-1] o.s.b.c.embedded.FilterRegistrationBean  : Mapping filter: 'requestContextFilter' to: [/*]
2017-07-06 17:05:20.937  INFO 7420 --- [restartedMain] s.w.s.m.m.a.RequestMappingHandlerAdapter : Looking for @ControllerAdvice: org.springframework.boot.context.embedded.AnnotationConfigEmbeddedWebApplicationContext@40bff39d: startup date [Thu Jul 06 17:05:19 CST 2017]; root of context hierarchy
2017-07-06 17:05:20.944  INFO 7420 --- [restartedMain] s.w.s.m.m.a.RequestMappingHandlerMapping : Mapped "{[/getUser]}" onto public com.cn.model.User com.cn.demo.HelloWorldController.getUser()
2017-07-06 17:05:20.945  INFO 7420 --- [restartedMain] s.w.s.m.m.a.RequestMappingHandlerMapping : Mapped "{[/boot/index]}" onto public java.lang.String com.cn.demo.Main.main(org.springframework.ui.Model)
2017-07-06 17:05:20.947  INFO 7420 --- [restartedMain] s.w.s.m.m.a.RequestMappingHandlerMapping : Mapped "{[/error]}" onto public org.springframework.http.ResponseEntity<java.util.Map<java.lang.String, java.lang.Object>> org.springframework.boot.autoconfigure.web.BasicErrorController.error(javax.servlet.http.HttpServletRequest)
2017-07-06 17:05:20.947  INFO 7420 --- [restartedMain] s.w.s.m.m.a.RequestMappingHandlerMapping : Mapped "{[/error],produces=[text/html]}" onto public org.springframework.web.servlet.ModelAndView org.springframework.boot.autoconfigure.web.BasicErrorController.errorHtml(javax.servlet.http.HttpServletRequest,javax.servlet.http.HttpServletResponse)
2017-07-06 17:05:20.961  INFO 7420 --- [restartedMain] o.s.w.s.handler.SimpleUrlHandlerMapping  : Mapped URL path [/webjars/**] onto handler of type [class org.springframework.web.servlet.resource.ResourceHttpRequestHandler]
2017-07-06 17:05:20.961  INFO 7420 --- [restartedMain] o.s.w.s.handler.SimpleUrlHandlerMapping  : Mapped URL path [/**] onto handler of type [class org.springframework.web.servlet.resource.ResourceHttpRequestHandler]
2017-07-06 17:05:20.979  INFO 7420 --- [restartedMain] o.s.w.s.handler.SimpleUrlHandlerMapping  : Mapped URL path [/**/favicon.ico] onto handler of type [class org.springframework.web.servlet.resource.ResourceHttpRequestHandler]
2017-07-06 17:05:21.024  INFO 7420 --- [restartedMain] o.s.b.d.a.OptionalLiveReloadServer       : LiveReload server is running on port 35729
2017-07-06 17:05:21.169  INFO 7420 --- [restartedMain] o.s.j.e.a.AnnotationMBeanExporter        : Registering beans for JMX exposure on startup
2017-07-06 17:07:01.542  INFO 7196 --- [restartedMain] com.cn.demo.Application                  : Starting Application on EZ-20170227RGNE with PID 7196 (D:\newworkspace\insurance\trunk\springboot\target\classes started by Administrator in D:\newworkspace\insurance\trunk\springboot)
2017-07-06 17:07:01.547  INFO 7196 --- [restartedMain] com.cn.demo.Application                  : No active profile set, falling back to default profiles: default
2017-07-06 17:07:01.928  INFO 7196 --- [restartedMain] ationConfigEmbeddedWebApplicationContext : Refreshing org.springframework.boot.context.embedded.AnnotationConfigEmbeddedWebApplicationContext@33fe38cc: startup date [Thu Jul 06 17:07:01 CST 2017]; root of context hierarchy
2017-07-06 17:07:03.230  INFO 7196 --- [restartedMain] o.s.b.f.s.DefaultListableBeanFactory     : Overriding bean definition for bean 'beanNameViewResolver' with a different definition: replacing [Root bean: class [null]; scope=; abstract=false; lazyInit=false; autowireMode=3; dependencyCheck=0; autowireCandidate=true; primary=false; factoryBeanName=org.springframework.boot.autoconfigure.web.ErrorMvcAutoConfiguration$WhitelabelErrorViewConfiguration; factoryMethodName=beanNameViewResolver; initMethodName=null; destroyMethodName=(inferred); defined in class path resource [org/springframework/boot/autoconfigure/web/ErrorMvcAutoConfiguration$WhitelabelErrorViewConfiguration.class]] with [Root bean: class [null]; scope=; abstract=false; lazyInit=false; autowireMode=3; dependencyCheck=0; autowireCandidate=true; primary=false; factoryBeanName=org.springframework.boot.autoconfigure.web.WebMvcAutoConfiguration$WebMvcAutoConfigurationAdapter; factoryMethodName=beanNameViewResolver; initMethodName=null; destroyMethodName=(inferred); defined in class path resource [org/springframework/boot/autoconfigure/web/WebMvcAutoConfiguration$WebMvcAutoConfigurationAdapter.class]]
2017-07-06 17:07:04.301  INFO 7196 --- [restartedMain] s.b.c.e.t.TomcatEmbeddedServletContainer : Tomcat initialized with port(s): 8011 (http)
2017-07-06 17:07:04.311  INFO 7196 --- [restartedMain] o.apache.catalina.core.StandardService   : Starting service Tomcat
2017-07-06 17:07:04.313  INFO 7196 --- [restartedMain] org.apache.catalina.core.StandardEngine  : Starting Servlet Engine: Apache Tomcat/8.0.30
2017-07-06 17:07:04.511  INFO 7196 --- [localhost-startStop-1] o.a.c.c.C.[Tomcat].[localhost].[/]       : Initializing Spring embedded WebApplicationContext
2017-07-06 17:07:04.511  INFO 7196 --- [localhost-startStop-1] o.s.web.context.ContextLoader            : Root WebApplicationContext: initialization completed in 2588 ms
2017-07-06 17:07:04.922  INFO 7196 --- [localhost-startStop-1] o.s.b.c.e.ServletRegistrationBean        : Mapping servlet: 'dispatcherServlet' to [/]
2017-07-06 17:07:04.927  INFO 7196 --- [localhost-startStop-1] o.s.b.c.embedded.FilterRegistrationBean  : Mapping filter: 'characterEncodingFilter' to: [/*]
2017-07-06 17:07:04.927  INFO 7196 --- [localhost-startStop-1] o.s.b.c.embedded.FilterRegistrationBean  : Mapping filter: 'hiddenHttpMethodFilter' to: [/*]
2017-07-06 17:07:04.927  INFO 7196 --- [localhost-startStop-1] o.s.b.c.embedded.FilterRegistrationBean  : Mapping filter: 'httpPutFormContentFilter' to: [/*]
2017-07-06 17:07:04.927  INFO 7196 --- [localhost-startStop-1] o.s.b.c.embedded.FilterRegistrationBean  : Mapping filter: 'requestContextFilter' to: [/*]
2017-07-06 17:07:05.211  INFO 7196 --- [restartedMain] s.w.s.m.m.a.RequestMappingHandlerAdapter : Looking for @ControllerAdvice: org.springframework.boot.context.embedded.AnnotationConfigEmbeddedWebApplicationContext@33fe38cc: startup date [Thu Jul 06 17:07:01 CST 2017]; root of context hierarchy
2017-07-06 17:07:05.315  INFO 7196 --- [restartedMain] s.w.s.m.m.a.RequestMappingHandlerMapping : Mapped "{[/getUser]}" onto public com.cn.model.User com.cn.demo.HelloWorldController.getUser()
2017-07-06 17:07:05.319  INFO 7196 --- [restartedMain] s.w.s.m.m.a.RequestMappingHandlerMapping : Mapped "{[/boot/index]}" onto public java.lang.String com.cn.demo.Main.main(org.springframework.ui.Model)
2017-07-06 17:07:05.324  INFO 7196 --- [restartedMain] s.w.s.m.m.a.RequestMappingHandlerMapping : Mapped "{[/error]}" onto public org.springframework.http.ResponseEntity<java.util.Map<java.lang.String, java.lang.Object>> org.springframework.boot.autoconfigure.web.BasicErrorController.error(javax.servlet.http.HttpServletRequest)
2017-07-06 17:07:05.325  INFO 7196 --- [restartedMain] s.w.s.m.m.a.RequestMappingHandlerMapping : Mapped "{[/error],produces=[text/html]}" onto public org.springframework.web.servlet.ModelAndView org.springframework.boot.autoconfigure.web.BasicErrorController.errorHtml(javax.servlet.http.HttpServletRequest,javax.servlet.http.HttpServletResponse)
2017-07-06 17:07:05.381  INFO 7196 --- [restartedMain] o.s.w.s.handler.SimpleUrlHandlerMapping  : Mapped URL path [/webjars/**] onto handler of type [class org.springframework.web.servlet.resource.ResourceHttpRequestHandler]
2017-07-06 17:07:05.381  INFO 7196 --- [restartedMain] o.s.w.s.handler.SimpleUrlHandlerMapping  : Mapped URL path [/**] onto handler of type [class org.springframework.web.servlet.resource.ResourceHttpRequestHandler]
2017-07-06 17:07:05.480  INFO 7196 --- [restartedMain] o.s.w.s.handler.SimpleUrlHandlerMapping  : Mapped URL path [/**/favicon.ico] onto handler of type [class org.springframework.web.servlet.resource.ResourceHttpRequestHandler]
2017-07-06 17:07:06.153  INFO 7196 --- [restartedMain] o.s.b.d.a.OptionalLiveReloadServer       : LiveReload server is running on port 35729
2017-07-06 17:07:06.334  INFO 7196 --- [restartedMain] o.s.j.e.a.AnnotationMBeanExporter        : Registering beans for JMX exposure on startup
2017-07-06 17:07:06.417  INFO 7196 --- [restartedMain] s.b.c.e.t.TomcatEmbeddedServletContainer : Tomcat started on port(s): 8011 (http)
2017-07-06 17:07:06.423  INFO 7196 --- [restartedMain] com.cn.demo.Application                  : Started Application in 5.448 seconds (JVM running for 5.881)
2017-07-06 17:07:12.901  INFO 7196 --- [http-nio-8011-exec-1] o.a.c.c.C.[Tomcat].[localhost].[/]       : Initializing Spring FrameworkServlet 'dispatcherServlet'
2017-07-06 17:07:12.902  INFO 7196 --- [http-nio-8011-exec-1] o.s.web.servlet.DispatcherServlet        : FrameworkServlet 'dispatcherServlet': initialization started
2017-07-06 17:07:12.920  INFO 7196 --- [http-nio-8011-exec-1] o.s.web.servlet.DispatcherServlet        : FrameworkServlet 'dispatcherServlet': initialization completed in 18 ms
2017-07-06 17:07:12.960  INFO 7196 --- [http-nio-8011-exec-1] com.cn.demo.HelloWorldController         : 获取user信息
2017-07-06 17:08:04.594  INFO 7196 --- [Thread-8] ationConfigEmbeddedWebApplicationContext : Closing org.springframework.boot.context.embedded.AnnotationConfigEmbeddedWebApplicationContext@33fe38cc: startup date [Thu Jul 06 17:07:01 CST 2017]; root of context hierarchy
2017-07-06 17:08:04.597  INFO 7196 --- [Thread-8] o.s.j.e.a.AnnotationMBeanExporter        : Unregistering JMX-exposed beans on shutdown
2017-07-06 17:08:04.877  INFO 7196 --- [restartedMain] com.cn.demo.Application                  : Starting Application on EZ-20170227RGNE with PID 7196 (D:\newworkspace\insurance\trunk\springboot\target\classes started by Administrator in D:\newworkspace\insurance\trunk\springboot)
2017-07-06 17:08:04.878  INFO 7196 --- [restartedMain] com.cn.demo.Application                  : No active profile set, falling back to default profiles: default
2017-07-06 17:08:04.881  INFO 7196 --- [restartedMain] ationConfigEmbeddedWebApplicationContext : Refreshing org.springframework.boot.context.embedded.AnnotationConfigEmbeddedWebApplicationContext@3d45d1e8: startup date [Thu Jul 06 17:08:04 CST 2017]; root of context hierarchy
2017-07-06 17:11:31.889  INFO 10188 --- [restartedMain] com.cn.demo.Application                  : Starting Application on EZ-20170227RGNE with PID 10188 (D:\newworkspace\insurance\trunk\springboot\target\classes started by Administrator in D:\newworkspace\insurance\trunk\springboot)
2017-07-06 17:11:31.895  INFO 10188 --- [restartedMain] com.cn.demo.Application                  : No active profile set, falling back to default profiles: default
2017-07-06 17:11:32.277  INFO 10188 --- [restartedMain] ationConfigEmbeddedWebApplicationContext : Refreshing org.springframework.boot.context.embedded.AnnotationConfigEmbeddedWebApplicationContext@25b9abb4: startup date [Thu Jul 06 17:11:32 CST 2017]; root of context hierarchy
2017-07-06 17:11:33.598  INFO 10188 --- [restartedMain] o.s.b.f.s.DefaultListableBeanFactory     : Overriding bean definition for bean 'beanNameViewResolver' with a different definition: replacing [Root bean: class [null]; scope=; abstract=false; lazyInit=false; autowireMode=3; dependencyCheck=0; autowireCandidate=true; primary=false; factoryBeanName=org.springframework.boot.autoconfigure.web.ErrorMvcAutoConfiguration$WhitelabelErrorViewConfiguration; factoryMethodName=beanNameViewResolver; initMethodName=null; destroyMethodName=(inferred); defined in class path resource [org/springframework/boot/autoconfigure/web/ErrorMvcAutoConfiguration$WhitelabelErrorViewConfiguration.class]] with [Root bean: class [null]; scope=; abstract=false; lazyInit=false; autowireMode=3; dependencyCheck=0; autowireCandidate=true; primary=false; factoryBeanName=org.springframework.boot.autoconfigure.web.WebMvcAutoConfiguration$WebMvcAutoConfigurationAdapter; factoryMethodName=beanNameViewResolver; initMethodName=null; destroyMethodName=(inferred); defined in class path resource [org/springframework/boot/autoconfigure/web/WebMvcAutoConfiguration$WebMvcAutoConfigurationAdapter.class]]
2017-07-06 17:11:34.565  INFO 10188 --- [restartedMain] s.b.c.e.t.TomcatEmbeddedServletContainer : Tomcat initialized with port(s): 8011 (http)
2017-07-06 17:11:34.590  INFO 10188 --- [restartedMain] o.apache.catalina.core.StandardService   : Starting service Tomcat
2017-07-06 17:11:34.592  INFO 10188 --- [restartedMain] org.apache.catalina.core.StandardEngine  : Starting Servlet Engine: Apache Tomcat/8.0.30
2017-07-06 17:11:34.737  INFO 10188 --- [localhost-startStop-1] o.a.c.c.C.[Tomcat].[localhost].[/]       : Initializing Spring embedded WebApplicationContext
2017-07-06 17:11:34.737  INFO 10188 --- [localhost-startStop-1] o.s.web.context.ContextLoader            : Root WebApplicationContext: initialization completed in 2463 ms
2017-07-06 17:11:35.147  INFO 10188 --- [localhost-startStop-1] o.s.b.c.e.ServletRegistrationBean        : Mapping servlet: 'dispatcherServlet' to [/]
2017-07-06 17:11:35.151  INFO 10188 --- [localhost-startStop-1] o.s.b.c.embedded.FilterRegistrationBean  : Mapping filter: 'characterEncodingFilter' to: [/*]
2017-07-06 17:11:35.152  INFO 10188 --- [localhost-startStop-1] o.s.b.c.embedded.FilterRegistrationBean  : Mapping filter: 'hiddenHttpMethodFilter' to: [/*]
2017-07-06 17:11:35.152  INFO 10188 --- [localhost-startStop-1] o.s.b.c.embedded.FilterRegistrationBean  : Mapping filter: 'httpPutFormContentFilter' to: [/*]
2017-07-06 17:11:35.152  INFO 10188 --- [localhost-startStop-1] o.s.b.c.embedded.FilterRegistrationBean  : Mapping filter: 'requestContextFilter' to: [/*]
2017-07-06 17:11:35.386  INFO 10188 --- [restartedMain] s.w.s.m.m.a.RequestMappingHandlerAdapter : Looking for @ControllerAdvice: org.springframework.boot.context.embedded.AnnotationConfigEmbeddedWebApplicationContext@25b9abb4: startup date [Thu Jul 06 17:11:32 CST 2017]; root of context hierarchy
2017-07-06 17:11:35.510  INFO 10188 --- [restartedMain] s.w.s.m.m.a.RequestMappingHandlerMapping : Mapped "{[/getUser]}" onto public com.cn.model.User com.cn.demo.HelloWorldController.getUser()
2017-07-06 17:11:35.513  INFO 10188 --- [restartedMain] s.w.s.m.m.a.RequestMappingHandlerMapping : Mapped "{[/boot/index]}" onto public java.lang.String com.cn.demo.Main.main(org.springframework.ui.Model)
2017-07-06 17:11:35.519  INFO 10188 --- [restartedMain] s.w.s.m.m.a.RequestMappingHandlerMapping : Mapped "{[/error]}" onto public org.springframework.http.ResponseEntity<java.util.Map<java.lang.String, java.lang.Object>> org.springframework.boot.autoconfigure.web.BasicErrorController.error(javax.servlet.http.HttpServletRequest)
2017-07-06 17:11:35.519  INFO 10188 --- [restartedMain] s.w.s.m.m.a.RequestMappingHandlerMapping : Mapped "{[/error],produces=[text/html]}" onto public org.springframework.web.servlet.ModelAndView org.springframework.boot.autoconfigure.web.BasicErrorController.errorHtml(javax.servlet.http.HttpServletRequest,javax.servlet.http.HttpServletResponse)
2017-07-06 17:11:35.583  INFO 10188 --- [restartedMain] o.s.w.s.handler.SimpleUrlHandlerMapping  : Mapped URL path [/webjars/**] onto handler of type [class org.springframework.web.servlet.resource.ResourceHttpRequestHandler]
2017-07-06 17:11:35.584  INFO 10188 --- [restartedMain] o.s.w.s.handler.SimpleUrlHandlerMapping  : Mapped URL path [/**] onto handler of type [class org.springframework.web.servlet.resource.ResourceHttpRequestHandler]
2017-07-06 17:11:35.688  INFO 10188 --- [restartedMain] o.s.w.s.handler.SimpleUrlHandlerMapping  : Mapped URL path [/**/favicon.ico] onto handler of type [class org.springframework.web.servlet.resource.ResourceHttpRequestHandler]
2017-07-06 17:11:36.415  INFO 10188 --- [restartedMain] o.s.b.d.a.OptionalLiveReloadServer       : LiveReload server is running on port 35729
2017-07-06 17:11:36.592  INFO 10188 --- [restartedMain] o.s.j.e.a.AnnotationMBeanExporter        : Registering beans for JMX exposure on startup
2017-07-06 17:11:36.679  INFO 10188 --- [restartedMain] s.b.c.e.t.TomcatEmbeddedServletContainer : Tomcat started on port(s): 8011 (http)
2017-07-06 17:11:36.689  INFO 10188 --- [restartedMain] com.cn.demo.Application                  : Started Application in 5.417 seconds (JVM running for 5.848)
2017-07-06 17:11:45.538  INFO 10188 --- [http-nio-8011-exec-1] o.a.c.c.C.[Tomcat].[localhost].[/]       : Initializing Spring FrameworkServlet 'dispatcherServlet'
2017-07-06 17:11:45.539  INFO 10188 --- [http-nio-8011-exec-1] o.s.web.servlet.DispatcherServlet        : FrameworkServlet 'dispatcherServlet': initialization started
2017-07-06 17:11:45.558  INFO 10188 --- [http-nio-8011-exec-1] o.s.web.servlet.DispatcherServlet        : FrameworkServlet 'dispatcherServlet': initialization completed in 19 ms
2017-07-06 17:11:45.597  INFO 10188 --- [http-nio-8011-exec-1] com.cn.demo.HelloWorldController         : 获取user信息
2017-07-06 17:16:55.990  INFO 10188 --- [Thread-8] ationConfigEmbeddedWebApplicationContext : Closing org.springframework.boot.context.embedded.AnnotationConfigEmbeddedWebApplicationContext@25b9abb4: startup date [Thu Jul 06 17:11:32 CST 2017]; root of context hierarchy
2017-07-06 17:16:55.993  INFO 10188 --- [Thread-8] o.s.j.e.a.AnnotationMBeanExporter        : Unregistering JMX-exposed beans on shutdown
